2021-12-27 06:39:26.551  INFO 1429 --- [main] lavalink.server.Launcher                 : 

[32m       .  [31m _                  _ _       _    [32m__ _ _
[32m      /\\ [31m| | __ ___   ____ _| (_)_ __ | | __[32m\ \ \ \
[32m     ( ( )[31m| |/ _` \ \ / / _` | | | '_ \| |/ /[32m \ \ \ \
[32m      \\/ [31m| | (_| |\ V / (_| | | | | | |   < [32m  ) ) ) )
[32m       '  [31m|_|\__,_| \_/ \__,_|_|_|_| |_|_|\_\[32m / / / /
[0m    =========================================[32m/_/_/_/[0m

	Version:        f7f0322875ef20810156f10645a5b9617cd7891d-SNAPSHOT
	Build:          1263
	Build time:     07.11.2021 12:24:52 UTC
	Branch          master
	Commit:         f7f0322
	Commit time:    07.11.2021 12:20:58 UTC
	JVM:            11.0.13
	Lavaplayer      1.3.96-original

2021-12-27 06:39:26.733  INFO 1429 --- [main] lavalink.server.Launcher                 : Starting Launcher on bots with PID 1429 (/home/ubuntu/cogs/tmusic/Lavalink.jar started by ubuntu in /home/ubuntu/cogs/tmusic)
2021-12-27 06:39:26.734  INFO 1429 --- [main] lavalink.server.Launcher                 : No active profile set, falling back to default profiles: default
2021-12-27 06:39:26.878  WARN 1429 --- [background-preinit] o.s.h.c.j.Jackson2ObjectMapperBuilder    : For Jackson Kotlin classes support please add "com.fasterxml.jackson.module:jackson-module-kotlin" to the classpath
2021-12-27 06:39:28.573  WARN 1429 --- [main] io.undertow.websockets.jsr               : UT026010: Buffer pool was not set on WebSocketDeploymentInfo, the default pool will be used
2021-12-27 06:39:28.598  INFO 1429 --- [main] io.undertow.servlet                      : Initializing Spring embedded WebApplicationContext
2021-12-27 06:39:28.599  INFO 1429 --- [main] o.s.web.context.ContextLoader            : Root WebApplicationContext: initialization completed in 1798 ms
2021-12-27 06:39:29.063  WARN 1429 --- [main] l.server.config.SentryConfiguration      : Turning off sentry
2021-12-27 06:39:29.644  INFO 1429 --- [main] c.s.d.l.tools.GarbageCollectionMonitor   : GC monitoring enabled, reporting results every 2 minutes.
2021-12-27 06:39:29.914  INFO 1429 --- [main] lavalink.server.config.KoeConfiguration  : OS: Linux, Arch: aarch64
2021-12-27 06:39:29.915  WARN 1429 --- [main] lavalink.server.config.KoeConfiguration  : This system and architecture appears to not support native audio sending! GC pauses may cause your bot to stutter during playback.
2021-12-27 06:39:30.300  INFO 1429 --- [main] o.s.s.concurrent.ThreadPoolTaskExecutor  : Initializing ExecutorService 'applicationTaskExecutor'
2021-12-27 06:39:30.914  INFO 1429 --- [main] org.xnio                                 : XNIO version 3.3.8.Final
2021-12-27 06:39:30.929  INFO 1429 --- [main] org.xnio.nio                             : XNIO NIO Implementation Version 3.3.8.Final
2021-12-27 06:39:31.123  INFO 1429 --- [main] o.s.b.w.e.u.UndertowServletWebServer     : Undertow started on port(s) 2333 (http) with context path ''
2021-12-27 06:39:31.140  INFO 1429 --- [main] lavalink.server.Launcher                 : Started Launcher in 5.397 seconds (JVM running for 6.481)
2021-12-27 06:39:31.142  INFO 1429 --- [main] lavalink.server.Launcher                 : You can safely ignore the big red warning about illegal reflection. See https://github.com/freyacodes/Lavalink/issues/295
